********************************************************************************
DUPLICATOR-LITE PACKAGE-LOG: 13 May 2022 14h09
NOTICE: Do NOT post to public sites or forums 
********************************************************************************
VERSION:	1.4.5
WORDPRESS:	5.9.3
PHP INFO:	7.4.15 | SAPI: apache2handler
SERVER:		Apache/2.4.46 (Win64) OpenSSL/1.1.1h PHP/7.4.15 
PHP TIME LIMIT: (0) no time limit imposed 
PHP MAX MEMORY: 4294967296 (512M default) 
MEMORY STACK: 10MB

********************************************************************************
DATABASE:
********************************************************************************
BUILD MODE:   MYSQLDUMP
MYSQLTIMEOUT: 5000
MYSQLDUMP:    Is Supported
SQL CREATED: ma_c4a7bc2d032ef8a88598_20220513140221_database.sql
SQL FILE SIZE: 15.25MB (15994476)
SQL FILE TIME: 2022-05-13 14:10:10
SQL RUNTIME: 20.80 sec.

********************************************************************************
ARCHIVE (ZIP):
********************************************************************************
ARCHIVE DIR:  C:/xampp/htdocs/wordpress-5.8.300/wordpress
ARCHIVE FILE: ma_c4a7bc2d032ef8a88598_20220513140221_archive.zip
FILTERS: *OFF*
DIRS:
	not set
FILES:
	not set
EXTS:  not set
----------------------------------------
COMPRESSING
SIZE:	231.12MB
STATS:	Dirs 2,612 | Files 13,692
SQL ADDED: ma_c4a7bc2d032ef8a88598_20220513140221_database.sql
ZipArchive Object
(
    [status] => 0
    [statusSys] => 0
    [numFiles] => 16304
    [filename] => C:\xampp\htdocs\wordpress-5.8.300\wordpress\wp-content\backups-dup-lite\tmp\ma_c4a7bc2d032ef8a88598_20220513140221_archive.zip
    [comment] => 
)

FILE ADDED TO ZIP: 16303
COMPRESSION RESULT: '1'
COMPRESSED SIZE: 90.38MB
ARCHIVE RUNTIME: 307.29 sec.
MEMORY STACK: 16MB
building installer
add_extra_files1
add_extra_files2
add_extra_files3
add_extra_files4
Doing archive file check
add_extra_files5
add_extra_files6
add_extra_files8
Successfully opened zip C:/xampp/htdocs/wordpress-5.8.300/wordpress/wp-content/backups-dup-lite/tmp/ma_c4a7bc2d032ef8a88598_20220513140221_archive.zip
Adding enhanced installer files to archive using ZipArchive
Installer files added to archive
Added to archive
After ziparchive close when adding installer

********************************************************************************
INTEGRITY CHECKS:
********************************************************************************
SQL FILE: 15.25MB
INSTALLER FILE: 64.58KB
ARCHIVE FILE: 91.48MB 
COMPTE ATTENDU DE FICHIERS/RÉPERTOIRES : 16,304
COMPTE ACTUEL DE FICHIERS/RÉPERTOIRES : 16,303
TEST DE COHÉRENCE D’ARCHIVE : Bon

********************************************************************************
RECORD ID:[2]
TOTAL PROCESS RUNTIME: 334.19 sec.
PEAK PHP MEMORY USED: 20MB
DONE PROCESSING => ma 13 May 2022 14h15

